[0m[[0m[0mdebug[0m] [0m[0m> Exec(run "a 30 2 d", Some(11dd61a6-f8d1-4a92-a1d7-788b92e643e1), Some(CommandSource(console0)))[0m
[0m[[0m[0mdebug[0m] [0m[0mEvaluating tasks: Compile / run[0m
[0m[[0m[0mdebug[0m] [0m[0mRunning task... Cancel: Signal, check cycles: false, forcegc: true[0m
[0m[[0m[0minfo[0m] [0m[0mcompiling 1 Scala source to /Users/benmcal/ScalaCode/checkoutKata/checkoutKata/target/scala-2.13/classes ...[0m
[0m[[0m[31merror[0m] [0m[0mjava.lang.StringIndexOutOfBoundsException: Index 1 out of bounds for length 1[0m
[0m[[0m[31merror[0m] [0m[0m	at java.base/jdk.internal.util.Preconditions$1.apply(Preconditions.java:55)[0m
[0m[[0m[31merror[0m] [0m[0m	at java.base/jdk.internal.util.Preconditions$1.apply(Preconditions.java:52)[0m
[0m[[0m[31merror[0m] [0m[0m	at java.base/jdk.internal.util.Preconditions$4.apply(Preconditions.java:213)[0m
[0m[[0m[31merror[0m] [0m[0m	at java.base/jdk.internal.util.Preconditions$4.apply(Preconditions.java:210)[0m
[0m[[0m[31merror[0m] [0m[0m	at java.base/jdk.internal.util.Preconditions.outOfBounds(Preconditions.java:98)[0m
[0m[[0m[31merror[0m] [0m[0m	at java.base/jdk.internal.util.Preconditions.outOfBoundsCheckIndex(Preconditions.java:106)[0m
[0m[[0m[31merror[0m] [0m[0m	at java.base/jdk.internal.util.Preconditions.checkIndex(Preconditions.java:302)[0m
[0m[[0m[31merror[0m] [0m[0m	at java.base/java.lang.String.checkIndex(String.java:4828)[0m
[0m[[0m[31merror[0m] [0m[0m	at java.base/java.lang.StringLatin1.charAt(StringLatin1.java:46)[0m
[0m[[0m[31merror[0m] [0m[0m	at java.base/java.lang.String.charAt(String.java:1555)[0m
[0m[[0m[31merror[0m] [0m[0m	at scala.collection.StringOps$.apply$extension(StringOps.scala:190)[0m
[0m[[0m[31merror[0m] [0m[0m	at Main$.$anonfun$extractPricingRules$2(Main.scala:33)[0m
[0m[[0m[31merror[0m] [0m[0m	at scala.collection.ArrayOps$.map$extension(ArrayOps.scala:935)[0m
[0m[[0m[31merror[0m] [0m[0m	at Main$.$anonfun$extractPricingRules$1(Main.scala:31)[0m
[0m[[0m[31merror[0m] [0m[0m	at scala.collection.ArrayOps$.flatMap$extension(ArrayOps.scala:970)[0m
[0m[[0m[31merror[0m] [0m[0m	at Main$.extractPricingRules(Main.scala:14)[0m
[0m[[0m[31merror[0m] [0m[0m	at Main$.delayedEndpoint$Main$1(Main.scala:70)[0m
[0m[[0m[31merror[0m] [0m[0m	at Main$delayedInit$body.apply(Main.scala:5)[0m
[0m[[0m[31merror[0m] [0m[0m	at scala.Function0.apply$mcV$sp(Function0.scala:42)[0m
[0m[[0m[31merror[0m] [0m[0m	at scala.Function0.apply$mcV$sp$(Function0.scala:42)[0m
[0m[[0m[31merror[0m] [0m[0m	at scala.runtime.AbstractFunction0.apply$mcV$sp(AbstractFunction0.scala:17)[0m
[0m[[0m[31merror[0m] [0m[0m	at scala.App.$anonfun$main$1(App.scala:98)[0m
[0m[[0m[31merror[0m] [0m[0m	at scala.App.$anonfun$main$1$adapted(App.scala:98)[0m
[0m[[0m[31merror[0m] [0m[0m	at scala.collection.IterableOnceOps.foreach(IterableOnce.scala:619)[0m
[0m[[0m[31merror[0m] [0m[0m	at scala.collection.IterableOnceOps.foreach$(IterableOnce.scala:617)[0m
[0m[[0m[31merror[0m] [0m[0m	at scala.collection.AbstractIterable.foreach(Iterable.scala:935)[0m
[0m[[0m[31merror[0m] [0m[0m	at scala.App.main(App.scala:98)[0m
[0m[[0m[31merror[0m] [0m[0m	at scala.App.main$(App.scala:96)[0m
[0m[[0m[31merror[0m] [0m[0m	at Main$.main(Main.scala:5)[0m
[0m[[0m[31merror[0m] [0m[0m	at Main.main(Main.scala)[0m
[0m[[0m[31merror[0m] [0m[0m	at java.base/jdk.internal.reflect.DirectMethodHandleAccessor.invoke(DirectMethodHandleAccessor.java:103)[0m
[0m[[0m[31merror[0m] [0m[0m	at java.base/java.lang.reflect.Method.invoke(Method.java:580)[0m
[0m[[0m[31merror[0m] [0m[0m	at sbt.Run.invokeMain(Run.scala:144)[0m
[0m[[0m[31merror[0m] [0m[0m	at sbt.Run.execute$1(Run.scala:94)[0m
[0m[[0m[31merror[0m] [0m[0m	at sbt.Run.$anonfun$runWithLoader$5(Run.scala:121)[0m
[0m[[0m[31merror[0m] [0m[0m	at sbt.Run$.executeSuccess(Run.scala:187)[0m
[0m[[0m[31merror[0m] [0m[0m	at sbt.Run.runWithLoader(Run.scala:121)[0m
[0m[[0m[31merror[0m] [0m[0m	at sbt.Defaults$.$anonfun$bgRunTask$6(Defaults.scala:1988)[0m
[0m[[0m[31merror[0m] [0m[0m	at sbt.Defaults$.$anonfun$termWrapper$2(Defaults.scala:1927)[0m
[0m[[0m[31merror[0m] [0m[0m	at scala.runtime.java8.JFunction0$mcV$sp.apply(JFunction0$mcV$sp.java:23)[0m
[0m[[0m[31merror[0m] [0m[0m	at scala.util.Try$.apply(Try.scala:213)[0m
[0m[[0m[31merror[0m] [0m[0m	at sbt.internal.BackgroundThreadPool$BackgroundRunnable.run(DefaultBackgroundJobService.scala:367)[0m
[0m[[0m[31merror[0m] [0m[0m	at java.base/java.util.concurrent.ThreadPoolExecutor.runWorker(ThreadPoolExecutor.java:1144)[0m
[0m[[0m[31merror[0m] [0m[0m	at java.base/java.util.concurrent.ThreadPoolExecutor$Worker.run(ThreadPoolExecutor.java:642)[0m
[0m[[0m[31merror[0m] [0m[0m	at java.base/java.lang.Thread.run(Thread.java:1583)[0m
[0m[[0m[31merror[0m] [0m[0m(Compile / [31mrun[0m) java.lang.StringIndexOutOfBoundsException: Index 1 out of bounds for length 1[0m
[0m[[0m[31merror[0m] [0m[0mTotal time: 0 s, completed 29 Apr 2024, 10:01:20[0m
[0m[[0m[0mdebug[0m] [0m[0m> Exec(shell, None, None)[0m
